{"total": {"lines":{"total":417,"covered":176,"skipped":0,"pct":42.2},"statements":{"total":434,"covered":181,"skipped":0,"pct":41.7},"functions":{"total":117,"covered":49,"skipped":0,"pct":41.88},"branches":{"total":168,"covered":54,"skipped":0,"pct":32.14},"branchesTrue":{"total":0,"covered":0,"skipped":0,"pct":100}}
,"/Users/zephyr/Documents/Trybe/projects/front-end/AppDeReceitas/sd-022-a-project-recipes-app/src/App.js": {"lines":{"total":1,"covered":1,"skipped":0,"pct":100},"functions":{"total":1,"covered":1,"skipped":0,"pct":100},"statements":{"total":1,"covered":1,"skipped":0,"pct":100},"branches":{"total":0,"covered":0,"skipped":0,"pct":100}}
,"/Users/zephyr/Documents/Trybe/projects/front-end/AppDeReceitas/sd-022-a-project-recipes-app/src/components/DrinkCard.js": {"lines":{"total":2,"covered":1,"skipped":0,"pct":50},"functions":{"total":1,"covered":0,"skipped":0,"pct":0},"statements":{"total":2,"covered":1,"skipped":0,"pct":50},"branches":{"total":0,"covered":0,"skipped":0,"pct":100}}
,"/Users/zephyr/Documents/Trybe/projects/front-end/AppDeReceitas/sd-022-a-project-recipes-app/src/components/FavoriteButton.jsx": {"lines":{"total":22,"covered":12,"skipped":0,"pct":54.54},"functions":{"total":6,"covered":3,"skipped":0,"pct":50},"statements":{"total":25,"covered":12,"skipped":0,"pct":48},"branches":{"total":24,"covered":11,"skipped":0,"pct":45.83}}
,"/Users/zephyr/Documents/Trybe/projects/front-end/AppDeReceitas/sd-022-a-project-recipes-app/src/components/FoodCard.js": {"lines":{"total":2,"covered":2,"skipped":0,"pct":100},"functions":{"total":1,"covered":1,"skipped":0,"pct":100},"statements":{"total":2,"covered":2,"skipped":0,"pct":100},"branches":{"total":0,"covered":0,"skipped":0,"pct":100}}
,"/Users/zephyr/Documents/Trybe/projects/front-end/AppDeReceitas/sd-022-a-project-recipes-app/src/components/Footer.jsx": {"lines":{"total":1,"covered":1,"skipped":0,"pct":100},"functions":{"total":1,"covered":1,"skipped":0,"pct":100},"statements":{"total":1,"covered":1,"skipped":0,"pct":100},"branches":{"total":0,"covered":0,"skipped":0,"pct":100}}
,"/Users/zephyr/Documents/Trybe/projects/front-end/AppDeReceitas/sd-022-a-project-recipes-app/src/components/Header.js": {"lines":{"total":13,"covered":13,"skipped":0,"pct":100},"functions":{"total":5,"covered":5,"skipped":0,"pct":100},"statements":{"total":14,"covered":14,"skipped":0,"pct":100},"branches":{"total":6,"covered":6,"skipped":0,"pct":100}}
,"/Users/zephyr/Documents/Trybe/projects/front-end/AppDeReceitas/sd-022-a-project-recipes-app/src/components/RecipeDetails.jsx": {"lines":{"total":20,"covered":1,"skipped":0,"pct":5},"functions":{"total":5,"covered":0,"skipped":0,"pct":0},"statements":{"total":21,"covered":1,"skipped":0,"pct":4.76},"branches":{"total":8,"covered":0,"skipped":0,"pct":0}}
,"/Users/zephyr/Documents/Trybe/projects/front-end/AppDeReceitas/sd-022-a-project-recipes-app/src/components/RecomendationDrinkCard.jsx": {"lines":{"total":3,"covered":1,"skipped":0,"pct":33.33},"functions":{"total":1,"covered":0,"skipped":0,"pct":0},"statements":{"total":3,"covered":1,"skipped":0,"pct":33.33},"branches":{"total":0,"covered":0,"skipped":0,"pct":100}}
,"/Users/zephyr/Documents/Trybe/projects/front-end/AppDeReceitas/sd-022-a-project-recipes-app/src/components/RecomendationFoodCard.jsx": {"lines":{"total":3,"covered":1,"skipped":0,"pct":33.33},"functions":{"total":1,"covered":0,"skipped":0,"pct":0},"statements":{"total":3,"covered":1,"skipped":0,"pct":33.33},"branches":{"total":0,"covered":0,"skipped":0,"pct":100}}
,"/Users/zephyr/Documents/Trybe/projects/front-end/AppDeReceitas/sd-022-a-project-recipes-app/src/components/SavedRecipes.jsx": {"lines":{"total":26,"covered":16,"skipped":0,"pct":61.53},"functions":{"total":14,"covered":4,"skipped":0,"pct":28.57},"statements":{"total":30,"covered":16,"skipped":0,"pct":53.33},"branches":{"total":16,"covered":12,"skipped":0,"pct":75}}
,"/Users/zephyr/Documents/Trybe/projects/front-end/AppDeReceitas/sd-022-a-project-recipes-app/src/components/SearchBar.js": {"lines":{"total":13,"covered":11,"skipped":0,"pct":84.61},"functions":{"total":3,"covered":3,"skipped":0,"pct":100},"statements":{"total":13,"covered":11,"skipped":0,"pct":84.61},"branches":{"total":4,"covered":3,"skipped":0,"pct":75}}
,"/Users/zephyr/Documents/Trybe/projects/front-end/AppDeReceitas/sd-022-a-project-recipes-app/src/components/ShareButton.jsx": {"lines":{"total":12,"covered":1,"skipped":0,"pct":8.33},"functions":{"total":4,"covered":0,"skipped":0,"pct":0},"statements":{"total":14,"covered":1,"skipped":0,"pct":7.14},"branches":{"total":5,"covered":0,"skipped":0,"pct":0}}
,"/Users/zephyr/Documents/Trybe/projects/front-end/AppDeReceitas/sd-022-a-project-recipes-app/src/context/RecipesContext.js": {"lines":{"total":1,"covered":1,"skipped":0,"pct":100},"functions":{"total":0,"covered":0,"skipped":0,"pct":100},"statements":{"total":1,"covered":1,"skipped":0,"pct":100},"branches":{"total":0,"covered":0,"skipped":0,"pct":100}}
,"/Users/zephyr/Documents/Trybe/projects/front-end/AppDeReceitas/sd-022-a-project-recipes-app/src/context/RecipesProvider.js": {"lines":{"total":12,"covered":12,"skipped":0,"pct":100},"functions":{"total":1,"covered":1,"skipped":0,"pct":100},"statements":{"total":12,"covered":12,"skipped":0,"pct":100},"branches":{"total":0,"covered":0,"skipped":0,"pct":100}}
,"/Users/zephyr/Documents/Trybe/projects/front-end/AppDeReceitas/sd-022-a-project-recipes-app/src/pages/DoneRecipes.js": {"lines":{"total":4,"covered":4,"skipped":0,"pct":100},"functions":{"total":2,"covered":2,"skipped":0,"pct":100},"statements":{"total":4,"covered":4,"skipped":0,"pct":100},"branches":{"total":0,"covered":0,"skipped":0,"pct":100}}
,"/Users/zephyr/Documents/Trybe/projects/front-end/AppDeReceitas/sd-022-a-project-recipes-app/src/pages/Drinks.js": {"lines":{"total":41,"covered":0,"skipped":0,"pct":0},"functions":{"total":10,"covered":0,"skipped":0,"pct":0},"statements":{"total":41,"covered":0,"skipped":0,"pct":0},"branches":{"total":22,"covered":0,"skipped":0,"pct":0}}
,"/Users/zephyr/Documents/Trybe/projects/front-end/AppDeReceitas/sd-022-a-project-recipes-app/src/pages/FavoriteRecipes.js": {"lines":{"total":4,"covered":4,"skipped":0,"pct":100},"functions":{"total":2,"covered":2,"skipped":0,"pct":100},"statements":{"total":4,"covered":4,"skipped":0,"pct":100},"branches":{"total":0,"covered":0,"skipped":0,"pct":100}}
,"/Users/zephyr/Documents/Trybe/projects/front-end/AppDeReceitas/sd-022-a-project-recipes-app/src/pages/Foods.js": {"lines":{"total":41,"covered":29,"skipped":0,"pct":70.73},"functions":{"total":10,"covered":7,"skipped":0,"pct":70},"statements":{"total":41,"covered":29,"skipped":0,"pct":70.73},"branches":{"total":22,"covered":14,"skipped":0,"pct":63.63}}
,"/Users/zephyr/Documents/Trybe/projects/front-end/AppDeReceitas/sd-022-a-project-recipes-app/src/pages/Login.jsx": {"lines":{"total":23,"covered":23,"skipped":0,"pct":100},"functions":{"total":7,"covered":7,"skipped":0,"pct":100},"statements":{"total":26,"covered":26,"skipped":0,"pct":100},"branches":{"total":6,"covered":6,"skipped":0,"pct":100}}
,"/Users/zephyr/Documents/Trybe/projects/front-end/AppDeReceitas/sd-022-a-project-recipes-app/src/pages/NotFound.jsx": {"lines":{"total":1,"covered":0,"skipped":0,"pct":0},"functions":{"total":1,"covered":0,"skipped":0,"pct":0},"statements":{"total":1,"covered":0,"skipped":0,"pct":0},"branches":{"total":0,"covered":0,"skipped":0,"pct":100}}
,"/Users/zephyr/Documents/Trybe/projects/front-end/AppDeReceitas/sd-022-a-project-recipes-app/src/pages/Profile.jsx": {"lines":{"total":4,"covered":4,"skipped":0,"pct":100},"functions":{"total":2,"covered":2,"skipped":0,"pct":100},"statements":{"total":4,"covered":4,"skipped":0,"pct":100},"branches":{"total":2,"covered":2,"skipped":0,"pct":100}}
,"/Users/zephyr/Documents/Trybe/projects/front-end/AppDeReceitas/sd-022-a-project-recipes-app/src/pages/RecipeInProgress.js": {"lines":{"total":54,"covered":0,"skipped":0,"pct":0},"functions":{"total":10,"covered":0,"skipped":0,"pct":0},"statements":{"total":56,"covered":0,"skipped":0,"pct":0},"branches":{"total":34,"covered":0,"skipped":0,"pct":0}}
,"/Users/zephyr/Documents/Trybe/projects/front-end/AppDeReceitas/sd-022-a-project-recipes-app/src/pages/Recipes.js": {"lines":{"total":19,"covered":0,"skipped":0,"pct":0},"functions":{"total":4,"covered":0,"skipped":0,"pct":0},"statements":{"total":19,"covered":0,"skipped":0,"pct":0},"branches":{"total":19,"covered":0,"skipped":0,"pct":0}}
,"/Users/zephyr/Documents/Trybe/projects/front-end/AppDeReceitas/sd-022-a-project-recipes-app/src/pages/helpers/fixYoutubeURL.js": {"lines":{"total":4,"covered":1,"skipped":0,"pct":25},"functions":{"total":1,"covered":0,"skipped":0,"pct":0},"statements":{"total":4,"covered":1,"skipped":0,"pct":25},"branches":{"total":0,"covered":0,"skipped":0,"pct":100}}
,"/Users/zephyr/Documents/Trybe/projects/front-end/AppDeReceitas/sd-022-a-project-recipes-app/src/pages/helpers/saveLocalStore.js": {"lines":{"total":1,"covered":1,"skipped":0,"pct":100},"functions":{"total":1,"covered":1,"skipped":0,"pct":100},"statements":{"total":2,"covered":2,"skipped":0,"pct":100},"branches":{"total":0,"covered":0,"skipped":0,"pct":100}}
,"/Users/zephyr/Documents/Trybe/projects/front-end/AppDeReceitas/sd-022-a-project-recipes-app/src/services/drinkAPI.js": {"lines":{"total":25,"covered":5,"skipped":0,"pct":20},"functions":{"total":5,"covered":0,"skipped":0,"pct":0},"statements":{"total":25,"covered":5,"skipped":0,"pct":20},"branches":{"total":0,"covered":0,"skipped":0,"pct":100}}
,"/Users/zephyr/Documents/Trybe/projects/front-end/AppDeReceitas/sd-022-a-project-recipes-app/src/services/foodAPI.js": {"lines":{"total":25,"covered":13,"skipped":0,"pct":52},"functions":{"total":5,"covered":2,"skipped":0,"pct":40},"statements":{"total":25,"covered":13,"skipped":0,"pct":52},"branches":{"total":0,"covered":0,"skipped":0,"pct":100}}
,"/Users/zephyr/Documents/Trybe/projects/front-end/AppDeReceitas/sd-022-a-project-recipes-app/src/services/searchOptionsDrinks.js": {"lines":{"total":18,"covered":0,"skipped":0,"pct":0},"functions":{"total":6,"covered":0,"skipped":0,"pct":0},"statements":{"total":18,"covered":0,"skipped":0,"pct":0},"branches":{"total":0,"covered":0,"skipped":0,"pct":100}}
,"/Users/zephyr/Documents/Trybe/projects/front-end/AppDeReceitas/sd-022-a-project-recipes-app/src/services/searchOptionsFoods.js": {"lines":{"total":18,"covered":15,"skipped":0,"pct":83.33},"functions":{"total":6,"covered":6,"skipped":0,"pct":100},"statements":{"total":18,"covered":15,"skipped":0,"pct":83.33},"branches":{"total":0,"covered":0,"skipped":0,"pct":100}}
,"/Users/zephyr/Documents/Trybe/projects/front-end/AppDeReceitas/sd-022-a-project-recipes-app/src/test/renderWithRouter.js": {"lines":{"total":3,"covered":3,"skipped":0,"pct":100},"functions":{"total":1,"covered":1,"skipped":0,"pct":100},"statements":{"total":3,"covered":3,"skipped":0,"pct":100},"branches":{"total":0,"covered":0,"skipped":0,"pct":100}}
,"/Users/zephyr/Documents/Trybe/projects/front-end/AppDeReceitas/sd-022-a-project-recipes-app/src/test/data/cardsFoods.js": {"lines":{"total":1,"covered":0,"skipped":0,"pct":0},"functions":{"total":0,"covered":0,"skipped":0,"pct":100},"statements":{"total":1,"covered":0,"skipped":0,"pct":0},"branches":{"total":0,"covered":0,"skipped":0,"pct":100}}
}
